<?xml version="1.0" encoding="UTF-8"?>
<coverage generated="1607290926">
  <project timestamp="1607290926">
    <file name="/Users/loris/Sites/p8-daphp-oc/src/Controller/DefaultController.php">
      <class name="App\Controller\DefaultController" namespace="global">
        <metrics complexity="1" methods="1" coveredmethods="1" conditionals="0" coveredconditionals="0" statements="1" coveredstatements="1" elements="2" coveredelements="2"/>
      </class>
      <line num="13" type="method" name="indexAction" visibility="public" complexity="1" crap="1" count="2"/>
      <line num="15" type="stmt" count="2"/>
      <metrics loc="17" ncloc="14" classes="1" methods="1" coveredmethods="1" conditionals="0" coveredconditionals="0" statements="1" coveredstatements="1" elements="2" coveredelements="2"/>
    </file>
    <file name="/Users/loris/Sites/p8-daphp-oc/src/Controller/SecurityController.php">
      <class name="App\Controller\SecurityController" namespace="global">
        <metrics complexity="3" methods="1" coveredmethods="1" conditionals="0" coveredconditionals="0" statements="5" coveredstatements="5" elements="6" coveredelements="6"/>
      </class>
      <line num="15" type="method" name="loginAction" visibility="public" complexity="1" crap="1" count="6"/>
      <line num="17" type="stmt" count="6"/>
      <line num="18" type="stmt" count="6"/>
      <line num="20" type="stmt" count="6"/>
      <line num="21" type="stmt" count="6"/>
      <line num="22" type="stmt" count="6"/>
      <metrics loc="43" ncloc="32" classes="1" methods="1" coveredmethods="1" conditionals="0" coveredconditionals="0" statements="5" coveredstatements="5" elements="6" coveredelements="6"/>
    </file>
    <file name="/Users/loris/Sites/p8-daphp-oc/src/Controller/TaskController.php">
      <class name="App\Controller\TaskController" namespace="global">
        <metrics complexity="15" methods="5" coveredmethods="5" conditionals="0" coveredconditionals="0" statements="38" coveredstatements="38" elements="43" coveredelements="43"/>
      </class>
      <line num="17" type="method" name="listAction" visibility="public" complexity="3" crap="3" count="10"/>
      <line num="19" type="stmt" count="10"/>
      <line num="20" type="stmt" count="2"/>
      <line num="23" type="stmt" count="9"/>
      <line num="29" type="method" name="createAction" visibility="public" complexity="3" crap="3" count="2"/>
      <line num="31" type="stmt" count="2"/>
      <line num="32" type="stmt" count="2"/>
      <line num="34" type="stmt" count="2"/>
      <line num="36" type="stmt" count="2"/>
      <line num="37" type="stmt" count="2"/>
      <line num="39" type="stmt" count="2"/>
      <line num="41" type="stmt" count="2"/>
      <line num="42" type="stmt" count="2"/>
      <line num="44" type="stmt" count="2"/>
      <line num="46" type="stmt" count="2"/>
      <line num="49" type="stmt" count="2"/>
      <line num="55" type="method" name="editAction" visibility="public" complexity="3" crap="3" count="2"/>
      <line num="57" type="stmt" count="2"/>
      <line num="59" type="stmt" count="2"/>
      <line num="61" type="stmt" count="2"/>
      <line num="62" type="stmt" count="2"/>
      <line num="64" type="stmt" count="2"/>
      <line num="66" type="stmt" count="2"/>
      <line num="69" type="stmt" count="2"/>
      <line num="70" type="stmt" count="2"/>
      <line num="71" type="stmt" count="2"/>
      <line num="78" type="method" name="toggleTaskAction" visibility="public" complexity="1" crap="1" count="2"/>
      <line num="80" type="stmt" count="2"/>
      <line num="81" type="stmt" count="2"/>
      <line num="83" type="stmt" count="2"/>
      <line num="85" type="stmt" count="2"/>
      <line num="91" type="method" name="deleteTaskAction" visibility="public" complexity="5" crap="5" count="2"/>
      <line num="94" type="stmt" count="2"/>
      <line num="95" type="stmt" count="1"/>
      <line num="96" type="stmt" count="2"/>
      <line num="97" type="stmt" count="2"/>
      <line num="99" type="stmt" count="1"/>
      <line num="101" type="stmt" count="1"/>
      <line num="104" type="stmt" count="2"/>
      <line num="105" type="stmt" count="2"/>
      <line num="106" type="stmt" count="2"/>
      <line num="108" type="stmt" count="2"/>
      <line num="110" type="stmt" count="2"/>
      <metrics loc="112" ncloc="97" classes="1" methods="5" coveredmethods="5" conditionals="0" coveredconditionals="0" statements="38" coveredstatements="38" elements="43" coveredelements="43"/>
    </file>
    <file name="/Users/loris/Sites/p8-daphp-oc/src/Controller/UserController.php">
      <class name="App\Controller\UserController" namespace="global">
        <metrics complexity="7" methods="3" coveredmethods="3" conditionals="0" coveredconditionals="0" statements="22" coveredstatements="22" elements="25" coveredelements="25"/>
      </class>
      <line num="17" type="method" name="listAction" visibility="public" complexity="1" crap="1" count="4"/>
      <line num="19" type="stmt" count="4"/>
      <line num="25" type="method" name="createAction" visibility="public" complexity="3" crap="3" count="2"/>
      <line num="27" type="stmt" count="2"/>
      <line num="28" type="stmt" count="2"/>
      <line num="30" type="stmt" count="2"/>
      <line num="32" type="stmt" count="2"/>
      <line num="33" type="stmt" count="2"/>
      <line num="34" type="stmt" count="2"/>
      <line num="35" type="stmt" count="2"/>
      <line num="37" type="stmt" count="2"/>
      <line num="38" type="stmt" count="2"/>
      <line num="40" type="stmt" count="2"/>
      <line num="42" type="stmt" count="2"/>
      <line num="45" type="stmt" count="2"/>
      <line num="51" type="method" name="editAction" visibility="public" complexity="3" crap="3" count="2"/>
      <line num="53" type="stmt" count="2"/>
      <line num="55" type="stmt" count="2"/>
      <line num="57" type="stmt" count="2"/>
      <line num="58" type="stmt" count="2"/>
      <line num="59" type="stmt" count="2"/>
      <line num="61" type="stmt" count="2"/>
      <line num="63" type="stmt" count="2"/>
      <line num="65" type="stmt" count="2"/>
      <line num="68" type="stmt" count="2"/>
      <metrics loc="70" ncloc="61" classes="1" methods="3" coveredmethods="3" conditionals="0" coveredconditionals="0" statements="22" coveredstatements="22" elements="25" coveredelements="25"/>
    </file>
    <file name="/Users/loris/Sites/p8-daphp-oc/src/Entity/Task.php">
      <class name="App\Entity\Task" namespace="global">
        <metrics complexity="12" methods="12" coveredmethods="12" conditionals="0" coveredconditionals="0" statements="19" coveredstatements="19" elements="31" coveredelements="31"/>
      </class>
      <line num="49" type="method" name="__construct" visibility="public" complexity="1" crap="1" count="10"/>
      <line num="51" type="stmt" count="10"/>
      <line num="52" type="stmt" count="10"/>
      <line num="53" type="stmt" count="10"/>
      <line num="55" type="method" name="getId" visibility="public" complexity="1" crap="1" count="13"/>
      <line num="57" type="stmt" count="13"/>
      <line num="60" type="method" name="getCreatedAt" visibility="public" complexity="1" crap="1" count="1"/>
      <line num="62" type="stmt" count="1"/>
      <line num="65" type="method" name="setCreatedAt" visibility="public" complexity="1" crap="1" count="1"/>
      <line num="67" type="stmt" count="1"/>
      <line num="68" type="stmt" count="1"/>
      <line num="70" type="method" name="getTitle" visibility="public" complexity="1" crap="1" count="12"/>
      <line num="72" type="stmt" count="12"/>
      <line num="75" type="method" name="setTitle" visibility="public" complexity="1" crap="1" count="3"/>
      <line num="77" type="stmt" count="3"/>
      <line num="78" type="stmt" count="3"/>
      <line num="80" type="method" name="getContent" visibility="public" complexity="1" crap="1" count="11"/>
      <line num="82" type="stmt" count="11"/>
      <line num="85" type="method" name="setContent" visibility="public" complexity="1" crap="1" count="3"/>
      <line num="87" type="stmt" count="3"/>
      <line num="88" type="stmt" count="3"/>
      <line num="90" type="method" name="isDone" visibility="public" complexity="1" crap="1" count="12"/>
      <line num="92" type="stmt" count="12"/>
      <line num="95" type="method" name="toggle" visibility="public" complexity="1" crap="1" count="3"/>
      <line num="97" type="stmt" count="3"/>
      <line num="98" type="stmt" count="3"/>
      <line num="100" type="method" name="getUser" visibility="public" complexity="1" crap="1" count="4"/>
      <line num="102" type="stmt" count="4"/>
      <line num="105" type="method" name="setUser" visibility="public" complexity="1" crap="1" count="5"/>
      <line num="107" type="stmt" count="5"/>
      <line num="109" type="stmt" count="5"/>
      <metrics loc="111" ncloc="84" classes="1" methods="12" coveredmethods="12" conditionals="0" coveredconditionals="0" statements="19" coveredstatements="19" elements="31" coveredelements="31"/>
    </file>
    <file name="/Users/loris/Sites/p8-daphp-oc/src/Entity/User.php">
      <class name="App\Entity\User" namespace="global">
        <metrics complexity="18" methods="14" coveredmethods="14" conditionals="0" coveredconditionals="0" statements="26" coveredstatements="26" elements="40" coveredelements="40"/>
      </class>
      <line num="54" type="method" name="__construct" visibility="public" complexity="1" crap="1" count="10"/>
      <line num="56" type="stmt" count="10"/>
      <line num="57" type="stmt" count="10"/>
      <line num="59" type="method" name="getId" visibility="public" complexity="1" crap="1" count="6"/>
      <line num="61" type="stmt" count="6"/>
      <line num="64" type="method" name="getUsername" visibility="public" complexity="1" crap="1" count="22"/>
      <line num="66" type="stmt" count="22"/>
      <line num="69" type="method" name="setUsername" visibility="public" complexity="1" crap="1" count="4"/>
      <line num="71" type="stmt" count="4"/>
      <line num="72" type="stmt" count="4"/>
      <line num="74" type="method" name="getSalt" visibility="public" complexity="1" crap="1" count="22"/>
      <line num="76" type="stmt" count="22"/>
      <line num="79" type="method" name="getPassword" visibility="public" complexity="1" crap="1" count="23"/>
      <line num="81" type="stmt" count="23"/>
      <line num="84" type="method" name="setPassword" visibility="public" complexity="1" crap="1" count="5"/>
      <line num="86" type="stmt" count="5"/>
      <line num="87" type="stmt" count="5"/>
      <line num="89" type="method" name="getEmail" visibility="public" complexity="1" crap="1" count="7"/>
      <line num="91" type="stmt" count="7"/>
      <line num="94" type="method" name="setEmail" visibility="public" complexity="1" crap="1" count="3"/>
      <line num="96" type="stmt" count="3"/>
      <line num="97" type="stmt" count="3"/>
      <line num="102" type="method" name="getRoles" visibility="public" complexity="1" crap="1" count="22"/>
      <line num="104" type="stmt" count="22"/>
      <line num="106" type="stmt" count="22"/>
      <line num="114" type="method" name="setRoles" visibility="public" complexity="1" crap="1" count="3"/>
      <line num="116" type="stmt" count="3"/>
      <line num="118" type="stmt" count="3"/>
      <line num="133" type="method" name="getTasks" visibility="public" complexity="1" crap="1" count="2"/>
      <line num="135" type="stmt" count="2"/>
      <line num="138" type="method" name="addTask" visibility="public" complexity="2" crap="2" count="2"/>
      <line num="140" type="stmt" count="2"/>
      <line num="141" type="stmt" count="2"/>
      <line num="142" type="stmt" count="2"/>
      <line num="145" type="stmt" count="2"/>
      <line num="148" type="method" name="removeTask" visibility="public" complexity="3" crap="3" count="1"/>
      <line num="150" type="stmt" count="1"/>
      <line num="152" type="stmt" count="1"/>
      <line num="153" type="stmt" count="1"/>
      <line num="157" type="stmt" count="1"/>
      <metrics loc="159" ncloc="114" classes="1" methods="14" coveredmethods="14" conditionals="0" coveredconditionals="0" statements="26" coveredstatements="26" elements="40" coveredelements="40"/>
    </file>
    <file name="/Users/loris/Sites/p8-daphp-oc/src/Form/TaskType.php">
      <class name="App\Form\TaskType" namespace="global">
        <metrics complexity="1" methods="1" coveredmethods="1" conditionals="0" coveredconditionals="0" statements="3" coveredstatements="3" elements="4" coveredelements="4"/>
      </class>
      <line num="11" type="method" name="buildForm" visibility="public" complexity="1" crap="1" count="4"/>
      <line num="14" type="stmt" count="4"/>
      <line num="15" type="stmt" count="4"/>
      <line num="18" type="stmt" count="4"/>
      <metrics loc="19" ncloc="19" classes="1" methods="1" coveredmethods="1" conditionals="0" coveredconditionals="0" statements="3" coveredstatements="3" elements="4" coveredelements="4"/>
    </file>
    <file name="/Users/loris/Sites/p8-daphp-oc/src/Form/UserType.php">
      <class name="App\Form\UserType" namespace="global">
        <metrics complexity="2" methods="1" coveredmethods="1" conditionals="0" coveredconditionals="0" statements="17" coveredstatements="17" elements="18" coveredelements="18"/>
      </class>
      <line num="17" type="method" name="buildForm" visibility="public" complexity="2" crap="2" count="4"/>
      <line num="20" type="stmt" count="4"/>
      <line num="21" type="stmt" count="4"/>
      <line num="22" type="stmt" count="4"/>
      <line num="28" type="stmt" count="4"/>
      <line num="29" type="stmt" count="4"/>
      <line num="30" type="stmt" count="4"/>
      <line num="38" type="stmt" count="4"/>
      <line num="39" type="stmt" count="4"/>
      <line num="40" type="stmt" count="4"/>
      <line num="42" type="stmt" count="4"/>
      <line num="43" type="stmt" count="2"/>
      <line num="46" type="stmt" count="2"/>
      <line num="47" type="stmt" count="4"/>
      <line num="48" type="stmt" count="4"/>
      <line num="50" type="stmt" count="4"/>
      <line num="51" type="stmt" count="4"/>
      <line num="53" type="stmt" count="4"/>
      <metrics loc="54" ncloc="52" classes="1" methods="1" coveredmethods="1" conditionals="0" coveredconditionals="0" statements="17" coveredstatements="17" elements="18" coveredelements="18"/>
    </file>
    <metrics files="8" loc="585" ncloc="473" classes="8" methods="38" coveredmethods="38" conditionals="0" coveredconditionals="0" statements="131" coveredstatements="131" elements="169" coveredelements="169"/>
  </project>
</coverage>
